373
100
0 198
5 158
0 179
0 192
6 64
0 64
0 234
0 292
6 79
0 98
7 244
8 184
8 30
0 0
0 216
8 180
0 333
0 272
5 315
0 358
0 327
0 33
4 33
0 341
5 213
0 79
0 151
4 295
9 184
0 12
0 161
0 188
7 329
5 188
7 253
7 327
8 151
0 291
0 107
0 225
0 244
0 42
0 206
8 34
0 282
8 56
0 364
0 255
8 155
0 142
0 35
0 74
0 301
0 124
0 171
0 135
4 282
0 320
4 35
7 83
0 134
0 252
9 171
0 260
0 129
0 115
8 225
0 49
0 180
5 206
8 51
0 305
0 60
5 0
0 6
3 295
0 117
0 51
0 157
7 136
0 144
0 23
0 21
0 261
0 109
3 292
5 113
0 262
0 349
0 315
0 88
0 297
0 300
6 107
7 3
5 157
9 129
9 192
0 30
0 173
